<?xml version="1.0" encoding="UTF-8"?>
<testng-results skipped="0" failed="0" ignored="0" total="1" passed="1">
  <reporter-output>
  </reporter-output>
  <suite name="FirstSuite" duration-ms="52120" started-at="2019-08-03T10:02:31Z" finished-at="2019-08-03T10:03:23Z">
    <groups>
    </groups>
    <test name="FirstTest" duration-ms="52120" started-at="2019-08-03T10:02:31Z" finished-at="2019-08-03T10:03:23Z">
      <class name="gitTest.GitTest1">
        <test-method status="PASS" signature="loginTest()[pri:0, instance:gitTest.GitTest1@3f49dace]" name="loginTest" duration-ms="52070" started-at="2019-08-03T15:32:31Z" finished-at="2019-08-03T15:33:23Z">
          <reporter-output>
          </reporter-output>
        </test-method> <!-- loginTest -->
      </class> <!-- gitTest.GitTest1 -->
    </test> <!-- FirstTest -->
  </suite> <!-- FirstSuite -->
</testng-results>
