<?xml version="1.0" encoding="UTF-8"?>
<testng-results skipped="0" failed="0" total="1" passed="1">
  <reporter-output>
  </reporter-output>
  <suite name="Default suite" duration-ms="20331" started-at="2019-07-28T12:16:48Z" finished-at="2019-07-28T12:17:08Z">
    <groups>
    </groups>
    <test name="Default test" duration-ms="20331" started-at="2019-07-28T12:16:48Z" finished-at="2019-07-28T12:17:08Z">
      <class name="gitTest.GitTest">
        <test-method status="PASS" signature="loginTest()[pri:0, instance:gitTest.GitTest@7e0babb1]" name="loginTest" duration-ms="20158" started-at="2019-07-28T17:46:48Z" finished-at="2019-07-28T17:47:08Z">
          <reporter-output>
          </reporter-output>
        </test-method> <!-- loginTest -->
      </class> <!-- gitTest.GitTest -->
    </test> <!-- Default test -->
  </suite> <!-- Default suite -->
</testng-results>
